<?xml version="1.0" encoding="UTF-8"?>
<!-- Generated by org.testng.reporters.JUnitXMLReporter -->
<testsuite ignored="0" hostname="Pravin" failures="2" tests="4" name="Test" time="0.078" errors="0" timestamp="17 Dec 2021 06:16:22 GMT">
  <testcase classname="TestNGListners.sampleTestNG" name="demo1" time="0.015"/>
  <testcase classname="TestNGListners.sampleTestNG" name="demo2" time="0.0">
    <failure type="java.lang.ArithmeticException" message="/ by zero">
      <![CDATA[java.lang.ArithmeticException: / by zero
at TestNGListners.sampleTestNG.demo2(sampleTestNG.java:15)
... Removed 25 stack frames]]>
    </failure>
  </testcase> <!-- demo2 -->
  <testcase classname="TestNGListners.sampleTestNG" name="demo4" time="0.0">
    <failure type="java.lang.ArithmeticException" message="/ by zero">
      <![CDATA[java.lang.ArithmeticException: / by zero
at TestNGListners.sampleTestNG.demo4(sampleTestNG.java:28)
... Removed 25 stack frames]]>
    </failure>
  </testcase> <!-- demo4 -->
  <testcase classname="TestNGListners.sampleTestNG" name="demo3" time="0.0">
    <skipped/>
  </testcase> <!-- demo3 -->
</testsuite> <!-- Test -->
