<?xml version="1.0" encoding="UTF-8"?>
<testng-results ignored="0" total="2" passed="2" failed="0" skipped="0">
  <reporter-output>
  </reporter-output>
  <suite started-at="2021-12-19T10:43:44Z" name="Default suite" finished-at="2021-12-19T10:44:36Z" duration-ms="51387">
    <groups>
    </groups>
    <test started-at="2021-12-19T10:43:44Z" name="Default test" finished-at="2021-12-19T10:44:36Z" duration-ms="51387">
      <class name="sikuli.TestUploadfile">
        <test-method signature="testURL()[pri:0, instance:sikuli.TestUploadfile@b4711e2]" started-at="2021-12-19T10:43:44Z" name="testURL" finished-at="2021-12-19T10:44:07Z" duration-ms="22785" status="PASS">
          <reporter-output>
          </reporter-output>
        </test-method> <!-- testURL -->
        <test-method signature="testupload()[pri:0, instance:sikuli.TestUploadfile@b4711e2]" started-at="2021-12-19T10:44:07Z" name="testupload" finished-at="2021-12-19T10:44:36Z" duration-ms="28549" status="PASS">
          <reporter-output>
          </reporter-output>
        </test-method> <!-- testupload -->
      </class> <!-- sikuli.TestUploadfile -->
    </test> <!-- Default test -->
  </suite> <!-- Default suite -->
</testng-results>
