<?xml version="1.0" encoding="UTF-8"?>
<!-- Generated by org.testng.reporters.JUnitXMLReporter -->
<testsuite ignored="0" hostname="Pravin" failures="0" tests="3" name="Default test" time="34.582" errors="0" timestamp="19 Dec 2021 13:34:44 GMT">
  <testcase classname="TestVtiger.testvtigercampaign" name="testcreatecampaign" time="6.113"/>
  <testcase classname="TestVtiger.testvtigercampaign" name="testeditcampaign" time="3.243"/>
  <testcase classname="TestVtiger.testvtigercampaign" name="testdeletecampaign" time="0.912"/>
</testsuite> <!-- Default test -->
