<?xml version="1.0" encoding="UTF-8"?>
<testng-results skipped="0" failed="0" ignored="0" total="1" passed="1">
  <reporter-output>
  </reporter-output>
  <suite name="Suite" duration-ms="68971" started-at="2021-12-20T09:10:24Z" finished-at="2021-12-20T09:11:33Z">
    <groups>
    </groups>
    <test name="Test" duration-ms="68971" started-at="2021-12-20T09:10:24Z" finished-at="2021-12-20T09:11:33Z">
      <class name="sample.Testactitime">
        <test-method status="PASS" signature="Testloginandlogout()[pri:0, instance:sample.Testactitime@6b419da]" name="Testloginandlogout" duration-ms="68932" started-at="2021-12-20T09:10:24Z" finished-at="2021-12-20T09:11:33Z">
          <reporter-output>
          </reporter-output>
        </test-method> <!-- Testloginandlogout -->
      </class> <!-- sample.Testactitime -->
    </test> <!-- Test -->
  </suite> <!-- Suite -->
</testng-results>
