<?xml version="1.0" encoding="UTF-8"?>
<!-- Generated by org.testng.reporters.JUnitXMLReporter -->
<testsuite ignored="0" hostname="Pravin" failures="0" tests="5" name="Default test" time="67.351" errors="0" timestamp="2021-12-20T16:18:44 IST">
  <testcase classname="TestNGsample.dataproviderexample" name="browserandURL" time="46.644"/>
  <testcase classname="TestNGsample.dataproviderexample" name="logintest" time="15.16"/>
  <testcase classname="TestNGsample.dataproviderexample" name="logintest" time="1.861"/>
  <testcase classname="TestNGsample.dataproviderexample" name="logintest" time="2.072"/>
  <testcase classname="TestNGsample.dataproviderexample" name="logintest" time="1.51"/>
</testsuite> <!-- Default test -->
