<?xml version="1.0" encoding="UTF-8"?>
<!-- Generated by org.testng.reporters.JUnitXMLReporter -->
<testsuite ignored="0" hostname="Pravin" failures="0" tests="5" name="GrouingTest" time="0.106" errors="0" timestamp="2021-12-06T13:25:08 IST">
  <testcase classname="TestNGsample.groupingexample" name="testcase1" time="0.011"/>
  <testcase classname="TestNGsample.groupingexample" name="testcase2" time="0.002"/>
  <testcase classname="TestNGsample.groupingexample" name="testcase3" time="0.002"/>
  <testcase classname="TestNGsample.groupingexample" name="testcase4" time="0.002"/>
  <testcase classname="TestNGsample.groupingexample" name="testcase5" time="0.007"/>
</testsuite> <!-- GrouingTest -->
