<?xml version="1.0" encoding="UTF-8"?>
<!-- Generated by org.testng.reporters.JUnitXMLReporter -->
<testsuite ignored="3" hostname="Pravin" failures="0" tests="2" name="GroupingTest" time="0.102" errors="0" timestamp="2021-12-10T14:28:51 IST">
  <testcase classname="TestNGsample.groupingexample" name="testcase1" time="0.011"/>
  <testcase classname="TestNGsample.groupingexample" name="testcase2" time="0.002"/>
  <testcase classname="TestNGsample.groupingexample" name="testcase4" time="0.0">
    <ignored/>
  </testcase> <!-- testcase4 -->
  <testcase classname="TestNGsample.groupingexample" name="testcase5" time="0.0">
    <ignored/>
  </testcase> <!-- testcase5 -->
  <testcase classname="TestNGsample.groupingexample" name="testcase3" time="0.0">
    <ignored/>
  </testcase> <!-- testcase3 -->
</testsuite> <!-- GroupingTest -->
