<?xml version="1.0" encoding="UTF-8"?>
<!-- Generated by org.testng.reporters.JUnitXMLReporter -->
<testsuite ignored="0" hostname="Pravin" failures="1" tests="2" name="Test" time="52.003" errors="0" timestamp="2021-12-16T16:52:33 IST">
  <testcase classname="TestNGsample.ParallelTesting1" name="actitime" time="51.852"/>
  <testcase classname="TestNGsample.ParallelTesting1" name="orangehrm" time="51.914">
    <failure type="java.lang.AssertionError" message="expected [OrangeHRM] but found [actiTIME - Login]">
      <![CDATA[java.lang.AssertionError: expected [OrangeHRM] but found [actiTIME - Login]
at TestNGsample.ParallelTesting1.orangehrm(ParallelTesting1.java:23)
at java.base/java.util.concurrent.ThreadPoolExecutor.runWorker(ThreadPoolExecutor.java:1130)
at java.base/java.util.concurrent.ThreadPoolExecutor$Worker.run(ThreadPoolExecutor.java:630)
at java.base/java.lang.Thread.run(Thread.java:831)
... Removed 18 stack frames]]>
    </failure>
  </testcase> <!-- orangehrm -->
</testsuite> <!-- Test -->
