<?xml version="1.0" encoding="UTF-8"?>
<testng-results ignored="0" total="5" passed="5" failed="0" skipped="0">
  <reporter-output>
  </reporter-output>
  <suite started-at="2021-12-20T16:17:37 IST" name="Default suite" finished-at="2021-12-20T16:18:44 IST" duration-ms="67351">
    <groups>
    </groups>
    <test started-at="2021-12-20T16:17:37 IST" name="Default test" finished-at="2021-12-20T16:18:44 IST" duration-ms="67351">
      <class name="TestNGsample.dataproviderexample">
        <test-method signature="browserandURL()[pri:0, instance:TestNGsample.dataproviderexample@649bec2e]" started-at="2021-12-20T16:17:37 IST" name="browserandURL" finished-at="2021-12-20T16:18:23 IST" duration-ms="46644" status="PASS">
          <reporter-output>
          </reporter-output>
        </test-method> <!-- browserandURL -->
        <test-method signature="logintest(java.lang.String,java.lang.String,java.lang.String)[pri:0, instance:TestNGsample.dataproviderexample@649bec2e]" started-at="2021-12-20T16:18:23 IST" name="logintest" data-provider="logindetails" finished-at="2021-12-20T16:18:39 IST" duration-ms="15160" status="PASS">
          <params>
            <param index="0">
              <value>
                <![CDATA[Admin]]>
              </value>
            </param>
            <param index="1">
              <value>
                <![CDATA[admin123]]>
              </value>
            </param>
            <param index="2">
              <value>
                <![CDATA[valid]]>
              </value>
            </param>
          </params>
          <reporter-output>
          </reporter-output>
        </test-method> <!-- logintest -->
        <test-method signature="logintest(java.lang.String,java.lang.String,java.lang.String)[pri:0, instance:TestNGsample.dataproviderexample@649bec2e]" started-at="2021-12-20T16:18:39 IST" name="logintest" data-provider="logindetails" finished-at="2021-12-20T16:18:40 IST" duration-ms="1861" status="PASS">
          <params>
            <param index="0">
              <value>
                <![CDATA[admin123]]>
              </value>
            </param>
            <param index="1">
              <value>
                <![CDATA[Admin]]>
              </value>
            </param>
            <param index="2">
              <value>
                <![CDATA[invalid]]>
              </value>
            </param>
          </params>
          <reporter-output>
          </reporter-output>
        </test-method> <!-- logintest -->
        <test-method signature="logintest(java.lang.String,java.lang.String,java.lang.String)[pri:0, instance:TestNGsample.dataproviderexample@649bec2e]" started-at="2021-12-20T16:18:40 IST" name="logintest" data-provider="logindetails" finished-at="2021-12-20T16:18:42 IST" duration-ms="2072" status="PASS">
          <params>
            <param index="0">
              <value>
                <![CDATA[Admin]]>
              </value>
            </param>
            <param index="1">
              <value>
                <![CDATA[admin]]>
              </value>
            </param>
            <param index="2">
              <value>
                <![CDATA[invalid]]>
              </value>
            </param>
          </params>
          <reporter-output>
          </reporter-output>
        </test-method> <!-- logintest -->
        <test-method signature="logintest(java.lang.String,java.lang.String,java.lang.String)[pri:0, instance:TestNGsample.dataproviderexample@649bec2e]" started-at="2021-12-20T16:18:43 IST" name="logintest" data-provider="logindetails" finished-at="2021-12-20T16:18:44 IST" duration-ms="1510" status="PASS">
          <params>
            <param index="0">
              <value>
                <![CDATA[Adam]]>
              </value>
            </param>
            <param index="1">
              <value>
                <![CDATA[admin]]>
              </value>
            </param>
            <param index="2">
              <value>
                <![CDATA[invalid]]>
              </value>
            </param>
          </params>
          <reporter-output>
          </reporter-output>
        </test-method> <!-- logintest -->
      </class> <!-- TestNGsample.dataproviderexample -->
    </test> <!-- Default test -->
  </suite> <!-- Default suite -->
</testng-results>
