<?xml version="1.0" encoding="UTF-8"?>
<testng-results ignored="0" total="1" passed="1" failed="0" skipped="0">
  <reporter-output>
  </reporter-output>
  <suite started-at="2021-12-20T10:15:46 IST" name="Suite" finished-at="2021-12-20T10:16:58 IST" duration-ms="71161">
    <groups>
    </groups>
    <test started-at="2021-12-20T10:15:46 IST" name="Test" finished-at="2021-12-20T10:16:58 IST" duration-ms="71161">
      <class name="sample.actitimetest">
        <test-method signature="Testloginandlogout()[pri:0, instance:sample.actitimetest@15aab8c6]" started-at="2021-12-20T10:15:46 IST" name="Testloginandlogout" finished-at="2021-12-20T10:16:58 IST" duration-ms="71083" status="PASS">
          <reporter-output>
          </reporter-output>
        </test-method> <!-- Testloginandlogout -->
      </class> <!-- sample.actitimetest -->
    </test> <!-- Test -->
  </suite> <!-- Suite -->
</testng-results>
