<?xml version="1.0" encoding="UTF-8"?>
<!-- Generated by org.testng.reporters.JUnitReportReporter -->
<testsuite hostname="Pravin" failures="0" tests="2" name="TestNGsample.parametersTestNG" time="45.336" errors="0" timestamp="2021-12-06T13:55:18 IST" skipped="0">
  <testcase classname="TestNGsample.parametersTestNG" name="openbrowserandURL" time="36.688"/>
  <system-out/>
  <testcase classname="TestNGsample.parametersTestNG" name="login" time="8.648"/>
  <system-out/>
</testsuite> <!-- TestNGsample.parametersTestNG -->
